[INFO][2018-02-26 09:24:18][_internal.py][line:87]  * Restarting with stat
[WARNING][2018-02-26 09:24:19][_internal.py][line:87]  * Debugger is active!
[INFO][2018-02-26 09:24:19][_internal.py][line:87]  * Debugger PIN: 297-293-911
[INFO][2018-02-26 09:24:19][_internal.py][line:87]  * Running on https://127.0.0.1:5000/ (Press CTRL+C to quit)
[INFO][2018-02-26 09:24:30][views.py][line:124] ---------收到GET请求：/api/check----------
[INFO][2018-02-26 09:24:30][views.py][line:132] ---------GET请求处理完毕-----------
[INFO][2018-02-26 09:24:30][DBFactory.py][line:27] 关闭数据库连接。
[INFO][2018-02-26 09:24:30][DBFactory.py][line:27] 关闭数据库连接。
[INFO][2018-02-26 09:24:30][DBFactory.py][line:27] 关闭数据库连接。
[INFO][2018-02-26 09:24:30][_internal.py][line:87] 127.0.0.1 - - [26/Feb/2018 09:24:30] "GET /api/check HTTP/1.1" 201 -
[INFO][2018-02-26 09:24:31][views.py][line:26] ---------收到index页面请求：/api----------
[INFO][2018-02-26 09:24:31][views.py][line:28] ---------index页面请求处理完毕-----------
[INFO][2018-02-26 09:24:31][_internal.py][line:87] 127.0.0.1 - - [26/Feb/2018 09:24:31] "GET /api HTTP/1.1" 200 -
[INFO][2018-02-26 09:24:32][views.py][line:153] ---------收到GET请求：/api/fields----------
[INFO][2018-02-26 09:24:32][views.py][line:156] ---------GET请求处理完毕-----------
[INFO][2018-02-26 09:24:32][DBFactory.py][line:27] 关闭数据库连接。
[INFO][2018-02-26 09:24:32][_internal.py][line:87] 127.0.0.1 - - [26/Feb/2018 09:24:32] "GET /api/fields HTTP/1.1" 201 -
[INFO][2018-02-26 09:24:33][views.py][line:26] ---------收到index页面请求：/api----------
[INFO][2018-02-26 09:24:33][views.py][line:28] ---------index页面请求处理完毕-----------
[INFO][2018-02-26 09:24:33][_internal.py][line:87] 127.0.0.1 - - [26/Feb/2018 09:24:33] "GET /api HTTP/1.1" 200 -
[INFO][2018-02-26 09:24:51][views.py][line:153] ---------收到GET请求：/api/fields----------
[INFO][2018-02-26 09:24:51][views.py][line:156] ---------GET请求处理完毕-----------
[INFO][2018-02-26 09:24:51][DBFactory.py][line:27] 关闭数据库连接。
[INFO][2018-02-26 09:24:51][_internal.py][line:87] 127.0.0.1 - - [26/Feb/2018 09:24:51] "GET /api/fields HTTP/1.1" 201 -
[INFO][2018-02-26 09:24:58][views.py][line:26] ---------收到index页面请求：/api----------
[INFO][2018-02-26 09:24:58][views.py][line:28] ---------index页面请求处理完毕-----------
[INFO][2018-02-26 09:24:58][_internal.py][line:87] 127.0.0.1 - - [26/Feb/2018 09:24:58] "GET /api HTTP/1.1" 200 -
[INFO][2018-02-26 09:24:59][views.py][line:153] ---------收到GET请求：/api/fields----------
[INFO][2018-02-26 09:24:59][views.py][line:156] ---------GET请求处理完毕-----------
[INFO][2018-02-26 09:24:59][DBFactory.py][line:27] 关闭数据库连接。
[INFO][2018-02-26 09:24:59][_internal.py][line:87] 127.0.0.1 - - [26/Feb/2018 09:24:59] "GET /api/fields HTTP/1.1" 201 -
[INFO][2018-02-26 09:25:14][views.py][line:26] ---------收到index页面请求：/api----------
[INFO][2018-02-26 09:25:14][views.py][line:28] ---------index页面请求处理完毕-----------
[INFO][2018-02-26 09:25:14][_internal.py][line:87] 127.0.0.1 - - [26/Feb/2018 09:25:14] "GET /api HTTP/1.1" 200 -
[INFO][2018-02-26 10:06:09][_internal.py][line:87]  * Restarting with stat
[WARNING][2018-02-26 10:06:09][_internal.py][line:87]  * Debugger is active!
[INFO][2018-02-26 10:06:09][_internal.py][line:87]  * Debugger PIN: 297-293-911
[INFO][2018-02-26 10:06:09][_internal.py][line:87]  * Running on https://127.0.0.1:5000/ (Press CTRL+C to quit)
[INFO][2018-02-26 10:06:13][_internal.py][line:87] 127.0.0.1 - - [26/Feb/2018 10:06:13] "GET / HTTP/1.1" 404 -
[INFO][2018-02-26 10:06:16][views.py][line:23] ---------收到index页面请求：/api----------
[INFO][2018-02-26 10:06:16][views.py][line:25] ---------index页面请求处理完毕-----------
[INFO][2018-02-26 10:06:16][_internal.py][line:87] 127.0.0.1 - - [26/Feb/2018 10:06:16] "GET /api HTTP/1.1" 200 -
[INFO][2018-02-26 10:06:17][views.py][line:23] ---------收到index页面请求：/api----------
[INFO][2018-02-26 10:06:17][views.py][line:25] ---------index页面请求处理完毕-----------
[INFO][2018-02-26 10:06:17][_internal.py][line:87] 127.0.0.1 - - [26/Feb/2018 10:06:17] "GET /api HTTP/1.1" 200 -
[INFO][2018-02-26 10:06:32][views.py][line:150] ---------收到GET请求：/api/fields----------
[INFO][2018-02-26 10:06:33][views.py][line:153] ---------GET请求处理完毕-----------
[INFO][2018-02-26 10:06:33][DBFactory.py][line:27] 关闭数据库连接。
[INFO][2018-02-26 10:06:33][_internal.py][line:87] 127.0.0.1 - - [26/Feb/2018 10:06:33] "GET /api/fields HTTP/1.1" 201 -
[INFO][2018-02-26 10:08:56][_internal.py][line:87]  * Detected change in 'D:\\WorkStation\\Python-RestFulApi\\app\\api\\Factory\\DBFactory.py', reloading
[INFO][2018-02-26 10:08:56][_internal.py][line:87]  * Restarting with stat
[WARNING][2018-02-26 10:08:57][_internal.py][line:87]  * Debugger is active!
[INFO][2018-02-26 10:08:57][_internal.py][line:87]  * Debugger PIN: 297-293-911
[INFO][2018-02-26 10:08:57][_internal.py][line:87]  * Running on https://127.0.0.1:5000/ (Press CTRL+C to quit)
[INFO][2018-02-26 10:10:38][_internal.py][line:87]  * Detected change in 'D:\\WorkStation\\Python-RestFulApi\\app\\main\\views.py', reloading
[INFO][2018-02-26 10:10:38][_internal.py][line:87]  * Restarting with stat
[WARNING][2018-02-26 10:10:38][_internal.py][line:87]  * Debugger is active!
[INFO][2018-02-26 10:10:38][_internal.py][line:87]  * Debugger PIN: 297-293-911
[INFO][2018-02-26 10:10:39][_internal.py][line:87]  * Running on https://127.0.0.1:5000/ (Press CTRL+C to quit)
[INFO][2018-02-26 10:10:43][views.py][line:23] 
---------收到index页面请求：/api----------
[INFO][2018-02-26 10:10:43][views.py][line:25] ---------index页面请求处理完毕-----------
[INFO][2018-02-26 10:10:43][_internal.py][line:87] 127.0.0.1 - - [26/Feb/2018 10:10:43] "GET /api HTTP/1.1" 200 -
[INFO][2018-02-26 10:12:09][_internal.py][line:87]  * Detected change in 'D:\\WorkStation\\Python-RestFulApi\\app\\main\\views.py', reloading
[INFO][2018-02-26 10:12:09][_internal.py][line:87]  * Restarting with stat
[WARNING][2018-02-26 10:12:10][_internal.py][line:87]  * Debugger is active!
[INFO][2018-02-26 10:12:10][_internal.py][line:87]  * Debugger PIN: 297-293-911
[INFO][2018-02-26 10:12:10][_internal.py][line:87]  * Running on https://127.0.0.1:5000/ (Press CTRL+C to quit)
[INFO][2018-02-26 10:18:34][_internal.py][line:87]  * Detected change in 'D:\\WorkStation\\Python-RestFulApi\\app\\main\\views.py', reloading
[INFO][2018-02-26 10:18:34][_internal.py][line:87]  * Restarting with stat
[WARNING][2018-02-26 10:18:35][_internal.py][line:87]  * Debugger is active!
[INFO][2018-02-26 10:18:35][_internal.py][line:87]  * Debugger PIN: 297-293-911
[INFO][2018-02-26 10:18:35][_internal.py][line:87]  * Running on https://127.0.0.1:5000/ (Press CTRL+C to quit)
[INFO][2018-02-26 10:20:11][_internal.py][line:87]  * Detected change in 'D:\\WorkStation\\Python-RestFulApi\\app\\main\\views.py', reloading
[INFO][2018-02-26 10:20:11][_internal.py][line:87]  * Restarting with stat
[WARNING][2018-02-26 10:20:12][_internal.py][line:87]  * Debugger is active!
[INFO][2018-02-26 10:20:12][_internal.py][line:87]  * Debugger PIN: 297-293-911
[INFO][2018-02-26 10:20:12][_internal.py][line:87]  * Running on https://127.0.0.1:5000/ (Press CTRL+C to quit)
[INFO][2018-02-26 10:21:51][_internal.py][line:87]  * Detected change in 'D:\\WorkStation\\Python-RestFulApi\\app\\api\\Factory\\DBFactory.py', reloading
[INFO][2018-02-26 10:21:51][_internal.py][line:87]  * Restarting with stat
[WARNING][2018-02-26 10:21:51][_internal.py][line:87]  * Debugger is active!
[INFO][2018-02-26 10:21:51][_internal.py][line:87]  * Debugger PIN: 297-293-911
[INFO][2018-02-26 10:21:52][_internal.py][line:87]  * Running on https://127.0.0.1:5000/ (Press CTRL+C to quit)
[INFO][2018-02-26 10:27:05][_internal.py][line:87]  * Detected change in 'D:\\WorkStation\\Python-RestFulApi\\app\\api\\Service\\DBService.py', reloading
[INFO][2018-02-26 10:27:05][_internal.py][line:87]  * Restarting with stat
[WARNING][2018-02-26 10:27:06][_internal.py][line:87]  * Debugger is active!
[INFO][2018-02-26 10:27:06][_internal.py][line:87]  * Debugger PIN: 297-293-911
[INFO][2018-02-26 10:27:06][_internal.py][line:87]  * Running on https://127.0.0.1:5000/ (Press CTRL+C to quit)
[INFO][2018-02-26 10:27:08][_internal.py][line:87] 127.0.0.1 - - [26/Feb/2018 10:27:08] "GET / HTTP/1.1" 404 -
[INFO][2018-02-26 10:27:12][views.py][line:131] 
[INFO][2018-02-26 10:27:12][views.py][line:132] ---------收到GET请求：/api/check----------
[INFO][2018-02-26 10:27:12][_internal.py][line:87] 127.0.0.1 - - [26/Feb/2018 10:27:12] "GET /api/check HTTP/1.1" 500 -
[INFO][2018-02-26 10:27:12][_internal.py][line:87] 127.0.0.1 - - [26/Feb/2018 10:27:12] "GET /api/check?__debugger__=yes&cmd=resource&f=style.css HTTP/1.1" 200 -
[INFO][2018-02-26 10:27:12][_internal.py][line:87] 127.0.0.1 - - [26/Feb/2018 10:27:12] "GET /api/check?__debugger__=yes&cmd=resource&f=jquery.js HTTP/1.1" 200 -
[INFO][2018-02-26 10:27:12][_internal.py][line:87] 127.0.0.1 - - [26/Feb/2018 10:27:12] "GET /api/check?__debugger__=yes&cmd=resource&f=debugger.js HTTP/1.1" 200 -
[INFO][2018-02-26 10:27:12][_internal.py][line:87] 127.0.0.1 - - [26/Feb/2018 10:27:12] "GET /api/check?__debugger__=yes&cmd=resource&f=ubuntu.ttf HTTP/1.1" 200 -
[INFO][2018-02-26 10:27:12][_internal.py][line:87] 127.0.0.1 - - [26/Feb/2018 10:27:12] "GET /api/check?__debugger__=yes&cmd=resource&f=console.png HTTP/1.1" 200 -
[INFO][2018-02-26 10:27:12][_internal.py][line:87] 127.0.0.1 - - [26/Feb/2018 10:27:12] "GET /api/check?__debugger__=yes&cmd=resource&f=console.png HTTP/1.1" 200 -
[INFO][2018-02-26 10:27:45][_internal.py][line:87]  * Detected change in 'D:\\WorkStation\\Python-RestFulApi\\app\\main\\views.py', reloading
[INFO][2018-02-26 10:27:45][_internal.py][line:87]  * Restarting with stat
[WARNING][2018-02-26 10:27:45][_internal.py][line:87]  * Debugger is active!
[INFO][2018-02-26 10:27:45][_internal.py][line:87]  * Debugger PIN: 297-293-911
[INFO][2018-02-26 10:27:45][_internal.py][line:87]  * Running on https://127.0.0.1:5000/ (Press CTRL+C to quit)
[INFO][2018-02-26 10:27:48][views.py][line:23] 
[INFO][2018-02-26 10:27:48][views.py][line:24] ---------收到index页面请求：/api----------
[INFO][2018-02-26 10:27:48][views.py][line:27] ---------index页面请求处理完毕-----------
[INFO][2018-02-26 10:27:48][_internal.py][line:87] 127.0.0.1 - - [26/Feb/2018 10:27:48] "GET /api HTTP/1.1" 200 -
[INFO][2018-02-26 10:27:54][views.py][line:131] 
[INFO][2018-02-26 10:27:54][views.py][line:132] ---------收到GET请求：/api/check----------
[INFO][2018-02-26 10:27:54][views.py][line:134] <Request 'https://127.0.0.1:5000/api/check' [GET]>
[INFO][2018-02-26 10:27:54][DBFactory.py][line:21] 新建数据库连接。
[INFO][2018-02-26 10:27:54][DBFactory.py][line:21] 新建数据库连接。
[INFO][2018-02-26 10:27:54][DBFactory.py][line:21] 新建数据库连接。
[INFO][2018-02-26 10:27:54][DBFactory.py][line:21] 新建数据库连接。
[INFO][2018-02-26 10:27:55][DBFactory.py][line:21] 新建数据库连接。
[INFO][2018-02-26 10:27:56][views.py][line:142] ---------GET请求处理完毕-----------
[INFO][2018-02-26 10:27:56][DBFactory.py][line:27] 关闭数据库连接。
[INFO][2018-02-26 10:27:56][DBFactory.py][line:27] 关闭数据库连接。
[INFO][2018-02-26 10:27:56][DBFactory.py][line:27] 关闭数据库连接。
[INFO][2018-02-26 10:28:55][_internal.py][line:87]  * Restarting with stat
[WARNING][2018-02-26 10:28:56][_internal.py][line:87]  * Debugger is active!
[INFO][2018-02-26 10:28:56][_internal.py][line:87]  * Debugger PIN: 297-293-911
[INFO][2018-02-26 10:28:56][_internal.py][line:87]  * Running on https://127.0.0.1:5000/ (Press CTRL+C to quit)
[INFO][2018-02-26 10:29:06][_internal.py][line:87]  * Detected change in 'D:\\WorkStation\\Python-RestFulApi\\app\\main\\views.py', reloading
[INFO][2018-02-26 10:29:06][_internal.py][line:87]  * Restarting with stat
[WARNING][2018-02-26 10:29:07][_internal.py][line:87]  * Debugger is active!
[INFO][2018-02-26 10:29:07][_internal.py][line:87]  * Debugger PIN: 297-293-911
[INFO][2018-02-26 10:29:07][_internal.py][line:87]  * Running on https://127.0.0.1:5000/ (Press CTRL+C to quit)
[INFO][2018-02-26 10:29:10][views.py][line:23] 
[INFO][2018-02-26 10:29:10][views.py][line:24] ---------收到index页面请求：/api----------
[INFO][2018-02-26 10:29:10][views.py][line:27] ---------index页面请求处理完毕-----------
[INFO][2018-02-26 10:29:10][_internal.py][line:87] 127.0.0.1 - - [26/Feb/2018 10:29:10] "GET /api HTTP/1.1" 200 -
[INFO][2018-02-26 10:29:12][views.py][line:131] 
[INFO][2018-02-26 10:29:12][views.py][line:132] ---------收到GET请求：/api/check----------
[INFO][2018-02-26 10:29:12][_internal.py][line:87] 127.0.0.1 - - [26/Feb/2018 10:29:12] "GET /api/check HTTP/1.1" 500 -
[INFO][2018-02-26 10:29:12][_internal.py][line:87] 127.0.0.1 - - [26/Feb/2018 10:29:12] "GET /api/check?__debugger__=yes&cmd=resource&f=style.css HTTP/1.1" 200 -
[INFO][2018-02-26 10:29:12][_internal.py][line:87] 127.0.0.1 - - [26/Feb/2018 10:29:12] "GET /api/check?__debugger__=yes&cmd=resource&f=jquery.js HTTP/1.1" 200 -
[INFO][2018-02-26 10:29:12][_internal.py][line:87] 127.0.0.1 - - [26/Feb/2018 10:29:12] "GET /api/check?__debugger__=yes&cmd=resource&f=debugger.js HTTP/1.1" 200 -
[INFO][2018-02-26 10:29:12][_internal.py][line:87] 127.0.0.1 - - [26/Feb/2018 10:29:12] "GET /api/check?__debugger__=yes&cmd=resource&f=ubuntu.ttf HTTP/1.1" 200 -
[INFO][2018-02-26 10:29:12][_internal.py][line:87] 127.0.0.1 - - [26/Feb/2018 10:29:12] "GET /api/check?__debugger__=yes&cmd=resource&f=console.png HTTP/1.1" 200 -
[INFO][2018-02-26 10:29:52][_internal.py][line:87]  * Detected change in 'D:\\WorkStation\\Python-RestFulApi\\app\\main\\views.py', reloading
[INFO][2018-02-26 10:29:52][_internal.py][line:87]  * Restarting with stat
[WARNING][2018-02-26 10:29:53][_internal.py][line:87]  * Debugger is active!
[INFO][2018-02-26 10:29:53][_internal.py][line:87]  * Debugger PIN: 297-293-911
[INFO][2018-02-26 10:29:53][_internal.py][line:87]  * Running on https://127.0.0.1:5000/ (Press CTRL+C to quit)
[INFO][2018-02-26 10:29:56][views.py][line:23] 
[INFO][2018-02-26 10:29:56][views.py][line:24] ---------收到index页面请求：/api----------
[INFO][2018-02-26 10:29:56][views.py][line:27] ---------index页面请求处理完毕-----------
[INFO][2018-02-26 10:29:56][_internal.py][line:87] 127.0.0.1 - - [26/Feb/2018 10:29:56] "GET /api HTTP/1.1" 200 -
[INFO][2018-02-26 10:29:57][views.py][line:131] 
[INFO][2018-02-26 10:29:57][views.py][line:132] ---------收到GET请求：/api/check----------
[INFO][2018-02-26 10:29:57][views.py][line:134] <bound method TypeConversionDict.get of ImmutableMultiDict([])>
[INFO][2018-02-26 10:29:57][_internal.py][line:87] 127.0.0.1 - - [26/Feb/2018 10:29:57] "GET /api/check HTTP/1.1" 500 -
[INFO][2018-02-26 10:29:57][_internal.py][line:87] 127.0.0.1 - - [26/Feb/2018 10:29:57] "GET /api/check?__debugger__=yes&cmd=resource&f=style.css HTTP/1.1" 200 -
[INFO][2018-02-26 10:29:57][_internal.py][line:87] 127.0.0.1 - - [26/Feb/2018 10:29:57] "GET /api/check?__debugger__=yes&cmd=resource&f=jquery.js HTTP/1.1" 200 -
[INFO][2018-02-26 10:29:57][_internal.py][line:87] 127.0.0.1 - - [26/Feb/2018 10:29:57] "GET /api/check?__debugger__=yes&cmd=resource&f=debugger.js HTTP/1.1" 200 -
[INFO][2018-02-26 10:29:57][_internal.py][line:87] 127.0.0.1 - - [26/Feb/2018 10:29:57] "GET /api/check?__debugger__=yes&cmd=resource&f=ubuntu.ttf HTTP/1.1" 200 -
[INFO][2018-02-26 10:29:57][_internal.py][line:87] 127.0.0.1 - - [26/Feb/2018 10:29:57] "GET /api/check?__debugger__=yes&cmd=resource&f=console.png HTTP/1.1" 200 -
[INFO][2018-02-26 10:30:26][_internal.py][line:87]  * Detected change in 'D:\\WorkStation\\Python-RestFulApi\\app\\api\\Factory\\DBFactory.py', reloading
[INFO][2018-02-26 10:30:26][_internal.py][line:87]  * Restarting with stat
[WARNING][2018-02-26 10:30:27][_internal.py][line:87]  * Debugger is active!
[INFO][2018-02-26 10:30:27][_internal.py][line:87]  * Debugger PIN: 297-293-911
[INFO][2018-02-26 10:30:27][_internal.py][line:87]  * Running on https://127.0.0.1:5000/ (Press CTRL+C to quit)
[INFO][2018-02-26 10:30:30][views.py][line:23] 
[INFO][2018-02-26 10:30:30][views.py][line:24] ---------收到index页面请求：/api----------
[INFO][2018-02-26 10:30:30][views.py][line:27] ---------index页面请求处理完毕-----------
[INFO][2018-02-26 10:30:30][_internal.py][line:87] 127.0.0.1 - - [26/Feb/2018 10:30:30] "GET /api HTTP/1.1" 200 -
[INFO][2018-02-26 10:30:32][views.py][line:131] 
[INFO][2018-02-26 10:30:32][views.py][line:132] ---------收到GET请求：/api/check----------
[INFO][2018-02-26 10:30:32][views.py][line:134] <bound method TypeConversionDict.get of ImmutableMultiDict([])>
[INFO][2018-02-26 10:30:32][DBFactory.py][line:18] 新建数据库连接。
[INFO][2018-02-26 10:30:32][DBFactory.py][line:18] 新建数据库连接。
[INFO][2018-02-26 10:30:32][DBFactory.py][line:18] 新建数据库连接。
[INFO][2018-02-26 10:30:32][DBFactory.py][line:18] 新建数据库连接。
[INFO][2018-02-26 10:30:33][DBFactory.py][line:18] 新建数据库连接。
[INFO][2018-02-26 10:30:34][views.py][line:142] ---------GET请求处理完毕-----------
[INFO][2018-02-26 10:30:34][DBFactory.py][line:27] 关闭数据库连接。
[INFO][2018-02-26 10:30:34][DBFactory.py][line:27] 关闭数据库连接。
[INFO][2018-02-26 10:30:34][DBFactory.py][line:27] 关闭数据库连接。
[INFO][2018-02-26 10:32:44][_internal.py][line:87]  * Restarting with stat
[WARNING][2018-02-26 10:32:45][_internal.py][line:87]  * Debugger is active!
[INFO][2018-02-26 10:32:45][_internal.py][line:87]  * Debugger PIN: 297-293-911
[INFO][2018-02-26 10:32:45][_internal.py][line:87]  * Running on https://127.0.0.1:5000/ (Press CTRL+C to quit)
[INFO][2018-02-26 10:32:56][views.py][line:131] 
[INFO][2018-02-26 10:32:56][views.py][line:132] ---------收到GET请求：/api/check----------
[INFO][2018-02-26 10:32:56][views.py][line:138] args: 2018-02-26
[INFO][2018-02-26 10:32:56][DBFactory.py][line:18] 新建数据库连接。
[INFO][2018-02-26 10:32:56][DBFactory.py][line:18] 新建数据库连接。
[INFO][2018-02-26 10:32:56][DBFactory.py][line:18] 新建数据库连接。
[INFO][2018-02-26 10:32:56][DBFactory.py][line:18] 新建数据库连接。
[INFO][2018-02-26 10:32:57][DBFactory.py][line:18] 新建数据库连接。
[INFO][2018-02-26 10:32:58][views.py][line:143] ---------GET请求处理完毕-----------
[INFO][2018-02-26 10:32:58][DBFactory.py][line:27] 关闭数据库连接。
[INFO][2018-02-26 10:32:58][DBFactory.py][line:27] 关闭数据库连接。
[INFO][2018-02-26 10:32:58][DBFactory.py][line:27] 关闭数据库连接。
[INFO][2018-02-26 10:34:59][_internal.py][line:87]  * Restarting with stat
[WARNING][2018-02-26 10:35:00][_internal.py][line:87]  * Debugger is active!
[INFO][2018-02-26 10:35:00][_internal.py][line:87]  * Debugger PIN: 297-293-911
[INFO][2018-02-26 10:35:00][_internal.py][line:87]  * Running on https://127.0.0.1:5000/ (Press CTRL+C to quit)
[INFO][2018-02-26 10:38:25][_internal.py][line:87]  * Detected change in 'D:\\WorkStation\\Python-RestFulApi\\app\\main\\views.py', reloading
[INFO][2018-02-26 10:38:25][_internal.py][line:87]  * Restarting with stat
[WARNING][2018-02-26 10:38:25][_internal.py][line:87]  * Debugger is active!
[INFO][2018-02-26 10:38:25][_internal.py][line:87]  * Debugger PIN: 297-293-911
[INFO][2018-02-26 10:38:26][_internal.py][line:87]  * Running on https://127.0.0.1:5000/ (Press CTRL+C to quit)
[INFO][2018-02-26 10:43:48][_internal.py][line:87]  * Detected change in 'D:\\WorkStation\\Python-RestFulApi\\app\\main\\views.py', reloading
[INFO][2018-02-26 10:43:49][_internal.py][line:87]  * Restarting with stat
[WARNING][2018-02-26 10:43:49][_internal.py][line:87]  * Debugger is active!
[INFO][2018-02-26 10:43:49][_internal.py][line:87]  * Debugger PIN: 297-293-911
[INFO][2018-02-26 10:43:50][_internal.py][line:87]  * Running on https://127.0.0.1:5000/ (Press CTRL+C to quit)
[INFO][2018-02-26 10:43:50][views.py][line:131] 
[INFO][2018-02-26 10:43:50][views.py][line:132] ---------收到GET请求：/api/check----------
[INFO][2018-02-26 10:43:50][views.py][line:138] args: date=2018-02-26
[INFO][2018-02-26 10:43:50][DBFactory.py][line:18] 新建数据库连接。
[INFO][2018-02-26 10:43:50][DBFactory.py][line:18] 新建数据库连接。
[INFO][2018-02-26 10:43:50][DBFactory.py][line:18] 新建数据库连接。
[INFO][2018-02-26 10:43:50][DBFactory.py][line:18] 新建数据库连接。
[INFO][2018-02-26 10:43:51][DBFactory.py][line:18] 新建数据库连接。
[INFO][2018-02-26 10:43:53][views.py][line:143] ---------GET请求处理完毕-----------
[INFO][2018-02-26 10:43:53][DBFactory.py][line:27] 关闭数据库连接。
[INFO][2018-02-26 10:43:53][DBFactory.py][line:27] 关闭数据库连接。
[INFO][2018-02-26 10:43:53][DBFactory.py][line:27] 关闭数据库连接。
[INFO][2018-02-26 10:43:56][views.py][line:23] 
[INFO][2018-02-26 10:43:56][views.py][line:24] ---------收到index页面请求：/api----------
[INFO][2018-02-26 10:43:56][views.py][line:27] ---------index页面请求处理完毕-----------
[INFO][2018-02-26 10:43:56][views.py][line:23] 
[INFO][2018-02-26 10:43:56][views.py][line:24] ---------收到index页面请求：/api----------
[INFO][2018-02-26 10:43:56][views.py][line:27] ---------index页面请求处理完毕-----------
[INFO][2018-02-26 10:43:59][views.py][line:150] 
[INFO][2018-02-26 10:43:59][views.py][line:151] ---------收到GET请求：/api/branches----------
[INFO][2018-02-26 10:47:57][_internal.py][line:87]  * Restarting with stat
[WARNING][2018-02-26 10:47:57][_internal.py][line:87]  * Debugger is active!
[INFO][2018-02-26 10:47:57][_internal.py][line:87]  * Debugger PIN: 297-293-911
[INFO][2018-02-26 10:47:57][_internal.py][line:87]  * Running on https://127.0.0.1:5000/ (Press CTRL+C to quit)
[INFO][2018-02-26 10:51:43][_internal.py][line:87]  * Detected change in 'D:\\WorkStation\\Python-RestFulApi\\app\\main\\views.py', reloading
[INFO][2018-02-26 10:51:43][_internal.py][line:87]  * Restarting with stat
[WARNING][2018-02-26 10:51:44][_internal.py][line:87]  * Debugger is active!
[INFO][2018-02-26 10:51:44][_internal.py][line:87]  * Debugger PIN: 297-293-911
[INFO][2018-02-26 10:51:44][_internal.py][line:87]  * Running on https://127.0.0.1:5000/ (Press CTRL+C to quit)
[INFO][2018-02-26 11:03:48][views.py][line:23] 
[INFO][2018-02-26 11:03:48][views.py][line:24] ---------收到index页面请求：/api----------
[INFO][2018-02-26 11:03:48][views.py][line:27] ---------index页面请求处理完毕-----------
[INFO][2018-02-26 11:03:48][_internal.py][line:87] 127.0.0.1 - - [26/Feb/2018 11:03:48] "GET /api HTTP/1.1" 200 -
[INFO][2018-02-26 11:03:49][views.py][line:131] 
[INFO][2018-02-26 11:03:49][views.py][line:132] ---------收到GET请求：/api/check----------
[INFO][2018-02-26 11:03:49][_internal.py][line:87] 127.0.0.1 - - [26/Feb/2018 11:03:49] "GET /api/check HTTP/1.1" 500 -
[INFO][2018-02-26 11:03:49][_internal.py][line:87] 127.0.0.1 - - [26/Feb/2018 11:03:49] "GET /api/check?__debugger__=yes&cmd=resource&f=style.css HTTP/1.1" 200 -
[INFO][2018-02-26 11:03:49][_internal.py][line:87] 127.0.0.1 - - [26/Feb/2018 11:03:49] "GET /api/check?__debugger__=yes&cmd=resource&f=jquery.js HTTP/1.1" 200 -
[INFO][2018-02-26 11:03:49][_internal.py][line:87] 127.0.0.1 - - [26/Feb/2018 11:03:49] "GET /api/check?__debugger__=yes&cmd=resource&f=debugger.js HTTP/1.1" 200 -
[INFO][2018-02-26 11:03:50][_internal.py][line:87] 127.0.0.1 - - [26/Feb/2018 11:03:50] "GET /api/check?__debugger__=yes&cmd=resource&f=ubuntu.ttf HTTP/1.1" 200 -
[INFO][2018-02-26 11:03:50][_internal.py][line:87] 127.0.0.1 - - [26/Feb/2018 11:03:50] "GET /api/check?__debugger__=yes&cmd=resource&f=console.png HTTP/1.1" 200 -
[INFO][2018-02-26 11:04:46][_internal.py][line:87]  * Detected change in 'D:\\WorkStation\\Python-RestFulApi\\app\\main\\views.py', reloading
[INFO][2018-02-26 11:04:46][_internal.py][line:87]  * Restarting with stat
[WARNING][2018-02-26 11:04:46][_internal.py][line:87]  * Debugger is active!
[INFO][2018-02-26 11:04:46][_internal.py][line:87]  * Debugger PIN: 297-293-911
[INFO][2018-02-26 11:04:47][_internal.py][line:87]  * Running on https://127.0.0.1:5000/ (Press CTRL+C to quit)
[INFO][2018-02-26 11:04:52][views.py][line:131] 
[INFO][2018-02-26 11:04:52][views.py][line:132] ---------收到GET请求：/api/check----------
[INFO][2018-02-26 11:04:52][views.py][line:138] args: date=2018-02-26
[INFO][2018-02-26 11:04:52][DBFactory.py][line:18] 新建数据库连接。
[INFO][2018-02-26 11:04:52][DBFactory.py][line:18] 新建数据库连接。
[INFO][2018-02-26 11:04:52][DBFactory.py][line:18] 新建数据库连接。
[INFO][2018-02-26 11:04:52][DBFactory.py][line:18] 新建数据库连接。
[INFO][2018-02-26 11:04:53][DBFactory.py][line:18] 新建数据库连接。
[INFO][2018-02-26 11:04:54][views.py][line:143] ---------GET请求处理完毕-----------
[INFO][2018-02-26 11:04:54][DBFactory.py][line:27] 关闭数据库连接。
[INFO][2018-02-26 11:04:54][DBFactory.py][line:27] 关闭数据库连接。
[INFO][2018-02-26 11:04:54][DBFactory.py][line:27] 关闭数据库连接。
[INFO][2018-02-26 11:05:19][views.py][line:23] 
[INFO][2018-02-26 11:05:19][views.py][line:24] ---------收到index页面请求：/api----------
[INFO][2018-02-26 11:05:19][views.py][line:27] ---------index页面请求处理完毕-----------
[INFO][2018-02-26 11:05:20][views.py][line:150] 
[INFO][2018-02-26 11:05:20][views.py][line:151] ---------收到GET请求：/api/branches----------
[INFO][2018-02-26 11:05:20][views.py][line:157] args: branch_name=wangjing
[INFO][2018-02-26 11:05:20][DBFactory.py][line:18] 新建数据库连接。
[INFO][2018-02-26 11:05:20][DBFactory.py][line:18] 新建数据库连接。
[INFO][2018-02-26 11:05:21][views.py][line:161] ---------GET请求处理完毕-----------
[INFO][2018-02-26 11:05:21][DBFactory.py][line:27] 关闭数据库连接。
[INFO][2018-02-26 11:12:28][_internal.py][line:87]  * Restarting with stat
[WARNING][2018-02-26 11:12:28][_internal.py][line:87]  * Debugger is active!
[INFO][2018-02-26 11:12:28][_internal.py][line:87]  * Debugger PIN: 297-293-911
[INFO][2018-02-26 11:12:28][_internal.py][line:87]  * Running on https://127.0.0.1:5000/ (Press CTRL+C to quit)
[INFO][2018-02-26 11:12:42][views.py][line:23] 
[INFO][2018-02-26 11:12:42][views.py][line:24] ---------收到index页面请求：/api----------
[INFO][2018-02-26 11:12:42][views.py][line:27] ---------index页面请求处理完毕-----------
[INFO][2018-02-26 11:12:42][_internal.py][line:87] 127.0.0.1 - - [26/Feb/2018 11:12:42] "GET /api HTTP/1.1" 200 -
[INFO][2018-02-26 11:12:50][views.py][line:180] 
[INFO][2018-02-26 11:12:50][views.py][line:181] ---------收到GET请求：/api/fields_name----------
[INFO][2018-02-26 11:12:50][DBFactory.py][line:21] 新建数据库连接。
[INFO][2018-02-26 11:12:50][DBFactory.py][line:21] 新建数据库连接。
[INFO][2018-02-26 11:12:51][views.py][line:185] ---------GET请求处理完毕-----------
[INFO][2018-02-26 11:12:51][DBFactory.py][line:27] 关闭数据库连接。
[INFO][2018-02-26 11:15:56][_internal.py][line:87]  * Restarting with stat
[WARNING][2018-02-26 11:15:57][_internal.py][line:87]  * Debugger is active!
[INFO][2018-02-26 11:15:57][_internal.py][line:87]  * Debugger PIN: 297-293-911
[INFO][2018-02-26 11:15:57][_internal.py][line:87]  * Running on https://127.0.0.1:5000/ (Press CTRL+C to quit)
[INFO][2018-02-26 11:16:09][views.py][line:180] 
[INFO][2018-02-26 11:16:09][views.py][line:181] ---------收到GET请求：/api/fields_name----------
[INFO][2018-02-26 11:16:09][DBFactory.py][line:17] 创建数据库连接。
[INFO][2018-02-26 11:16:09][DBFactory.py][line:22] 获取数据库连接。
[INFO][2018-02-26 11:16:09][DBFactory.py][line:17] 创建数据库连接。
[INFO][2018-02-26 11:16:09][DBFactory.py][line:22] 获取数据库连接。
[INFO][2018-02-26 11:16:10][views.py][line:185] ---------GET请求处理完毕-----------
[INFO][2018-02-26 11:16:10][DBFactory.py][line:28] 关闭数据库连接。
[INFO][2018-02-26 11:16:56][_internal.py][line:87]  * Restarting with stat
[WARNING][2018-02-26 11:16:58][_internal.py][line:87]  * Debugger is active!
[INFO][2018-02-26 11:16:58][_internal.py][line:87]  * Debugger PIN: 297-293-911
[INFO][2018-02-26 11:16:58][_internal.py][line:87]  * Running on https://127.0.0.1:5000/ (Press CTRL+C to quit)
[INFO][2018-02-26 11:17:04][views.py][line:180] 
[INFO][2018-02-26 11:17:04][views.py][line:181] ---------收到GET请求：/api/fields_name----------
[INFO][2018-02-26 11:17:33][DBFactory.py][line:17] 创建数据库连接。
[INFO][2018-02-26 11:17:38][DBFactory.py][line:22] 获取数据库连接。
[INFO][2018-02-26 11:18:59][_internal.py][line:87]  * Restarting with stat
[WARNING][2018-02-26 11:18:59][_internal.py][line:87]  * Debugger is active!
[INFO][2018-02-26 11:18:59][_internal.py][line:87]  * Debugger PIN: 297-293-911
[INFO][2018-02-26 11:19:00][_internal.py][line:87]  * Running on https://127.0.0.1:5000/ (Press CTRL+C to quit)
[INFO][2018-02-26 11:19:02][views.py][line:180] 
[INFO][2018-02-26 11:19:02][views.py][line:181] ---------收到GET请求：/api/fields_name----------
[INFO][2018-02-26 11:19:02][DBFactory.py][line:17] 创建数据库连接。
[INFO][2018-02-26 11:19:02][DBFactory.py][line:22] 获取数据库连接。
[INFO][2018-02-26 11:19:04][views.py][line:185] ---------GET请求处理完毕-----------
[INFO][2018-02-26 11:19:04][DBFactory.py][line:28] 关闭数据库连接。
[INFO][2018-02-26 11:19:40][views.py][line:23] 
[INFO][2018-02-26 11:19:40][views.py][line:24] ---------收到index页面请求：/api----------
[INFO][2018-02-26 11:19:40][views.py][line:27] ---------index页面请求处理完毕-----------
[INFO][2018-02-26 11:19:41][views.py][line:150] 
[INFO][2018-02-26 11:19:41][views.py][line:151] ---------收到GET请求：/api/branches----------
[INFO][2018-02-26 11:19:41][views.py][line:157] args: branch_name=wangjing
[INFO][2018-02-26 11:19:41][DBFactory.py][line:17] 创建数据库连接。
[INFO][2018-02-26 11:19:41][DBFactory.py][line:22] 获取数据库连接。
[INFO][2018-02-26 11:19:42][views.py][line:161] ---------GET请求处理完毕-----------
[INFO][2018-02-26 11:19:42][DBFactory.py][line:28] 关闭数据库连接。
[INFO][2018-02-26 16:54:12][_internal.py][line:87]  * Restarting with stat
[WARNING][2018-02-26 16:54:12][_internal.py][line:87]  * Debugger is active!
[INFO][2018-02-26 16:54:12][_internal.py][line:87]  * Debugger PIN: 297-293-911
[INFO][2018-02-26 16:54:13][_internal.py][line:87]  * Running on https://127.0.0.1:5000/ (Press CTRL+C to quit)
[INFO][2018-02-26 16:54:19][views.py][line:150] 
[INFO][2018-02-26 16:54:19][views.py][line:151] ---------收到GET请求：/api/branches----------
[INFO][2018-02-26 16:54:19][views.py][line:157] args: branch_name=wangjing
[INFO][2018-02-26 16:54:19][DBFactory.py][line:18] 创建数据库连接。
[INFO][2018-02-26 16:54:19][DBFactory.py][line:23] 获取数据库连接。
[INFO][2018-02-26 16:54:20][views.py][line:161] ---------GET请求处理完毕-----------
[INFO][2018-02-26 16:54:20][DBFactory.py][line:29] 关闭数据库连接。
[INFO][2018-02-26 16:54:20][_internal.py][line:87] 127.0.0.1 - - [26/Feb/2018 16:54:20] "GET /api/branches HTTP/1.1" 201 -
[INFO][2018-02-26 16:54:21][views.py][line:23] 
[INFO][2018-02-26 16:54:21][views.py][line:24] ---------收到index页面请求：/api----------
[INFO][2018-02-26 16:54:21][views.py][line:27] ---------index页面请求处理完毕-----------
[INFO][2018-02-26 16:54:21][_internal.py][line:87] 127.0.0.1 - - [26/Feb/2018 16:54:21] "GET /api HTTP/1.1" 200 -
[INFO][2018-02-26 16:54:25][views.py][line:131] 
[INFO][2018-02-26 16:54:25][views.py][line:132] ---------收到GET请求：/api/check----------
[INFO][2018-02-26 16:54:25][views.py][line:138] args: date=2018-02-26
[INFO][2018-02-26 16:54:25][DBFactory.py][line:18] 创建数据库连接。
[INFO][2018-02-26 16:54:25][DBFactory.py][line:23] 获取数据库连接。
[INFO][2018-02-26 16:54:25][DBFactory.py][line:18] 创建数据库连接。
[INFO][2018-02-26 16:54:25][DBFactory.py][line:23] 获取数据库连接。
[INFO][2018-02-26 16:54:25][DBFactory.py][line:18] 创建数据库连接。
[INFO][2018-02-26 16:54:25][DBFactory.py][line:23] 获取数据库连接。
[INFO][2018-02-26 16:54:27][views.py][line:143] ---------GET请求处理完毕-----------
[INFO][2018-02-26 16:54:27][DBFactory.py][line:29] 关闭数据库连接。
[INFO][2018-02-26 16:54:27][DBFactory.py][line:29] 关闭数据库连接。
[INFO][2018-02-26 16:54:27][DBFactory.py][line:29] 关闭数据库连接。
[INFO][2018-02-26 16:54:27][_internal.py][line:87] 127.0.0.1 - - [26/Feb/2018 16:54:27] "GET /api/check HTTP/1.1" 201 -
[INFO][2018-02-26 16:54:39][views.py][line:23] 
[INFO][2018-02-26 16:54:39][views.py][line:24] ---------收到index页面请求：/api----------
[INFO][2018-02-26 16:54:39][views.py][line:27] ---------index页面请求处理完毕-----------
[INFO][2018-02-26 16:54:39][_internal.py][line:87] 127.0.0.1 - - [26/Feb/2018 16:54:39] "GET /api HTTP/1.1" 200 -
[INFO][2018-02-26 16:54:40][views.py][line:168] 
[INFO][2018-02-26 16:54:40][views.py][line:169] ---------收到GET请求：/api/fields----------
[INFO][2018-02-26 16:54:40][DBFactory.py][line:18] 创建数据库连接。
[INFO][2018-02-26 16:54:40][DBFactory.py][line:23] 获取数据库连接。
[INFO][2018-02-26 16:54:41][views.py][line:173] ---------GET请求处理完毕-----------
[INFO][2018-02-26 16:54:41][DBFactory.py][line:29] 关闭数据库连接。
[INFO][2018-02-26 16:54:41][_internal.py][line:87] 127.0.0.1 - - [26/Feb/2018 16:54:41] "GET /api/fields HTTP/1.1" 201 -
[INFO][2018-02-26 16:54:43][views.py][line:23] 
[INFO][2018-02-26 16:54:43][views.py][line:24] ---------收到index页面请求：/api----------
[INFO][2018-02-26 16:54:43][views.py][line:27] ---------index页面请求处理完毕-----------
[INFO][2018-02-26 16:54:43][_internal.py][line:87] 127.0.0.1 - - [26/Feb/2018 16:54:43] "GET /api HTTP/1.1" 200 -
[INFO][2018-02-26 16:54:44][views.py][line:180] 
[INFO][2018-02-26 16:54:44][views.py][line:181] ---------收到GET请求：/api/fields_name----------
[INFO][2018-02-26 16:54:44][DBFactory.py][line:18] 创建数据库连接。
[INFO][2018-02-26 16:54:44][DBFactory.py][line:23] 获取数据库连接。
[INFO][2018-02-26 16:54:45][views.py][line:185] ---------GET请求处理完毕-----------
[INFO][2018-02-26 16:54:45][DBFactory.py][line:29] 关闭数据库连接。
[INFO][2018-02-26 16:54:45][_internal.py][line:87] 127.0.0.1 - - [26/Feb/2018 16:54:45] "GET /api/fields_name HTTP/1.1" 201 -
[INFO][2018-02-26 16:54:49][views.py][line:23] 
[INFO][2018-02-26 16:54:49][views.py][line:24] ---------收到index页面请求：/api----------
[INFO][2018-02-26 16:54:49][views.py][line:27] ---------index页面请求处理完毕-----------
[INFO][2018-02-26 16:54:49][_internal.py][line:87] 127.0.0.1 - - [26/Feb/2018 16:54:49] "GET /api HTTP/1.1" 200 -
[INFO][2018-02-26 16:54:50][views.py][line:192] 
[INFO][2018-02-26 16:54:50][views.py][line:193] ---------收到GET请求：/api/display----------
[INFO][2018-02-26 16:54:50][views.py][line:204] args: date=2018-02-26, dept_name=支行营业室
[INFO][2018-02-26 16:54:50][DBFactory.py][line:18] 创建数据库连接。
[INFO][2018-02-26 16:54:50][DBFactory.py][line:23] 获取数据库连接。
[INFO][2018-02-26 16:54:50][DBFactory.py][line:18] 创建数据库连接。
[INFO][2018-02-26 16:54:50][DBFactory.py][line:23] 获取数据库连接。
[INFO][2018-02-26 16:54:50][DBFactory.py][line:18] 创建数据库连接。
[INFO][2018-02-26 16:54:50][DBFactory.py][line:23] 获取数据库连接。
[INFO][2018-02-26 16:54:54][views.py][line:209] ---------GET请求处理完毕-----------
[INFO][2018-02-26 16:54:54][DBFactory.py][line:29] 关闭数据库连接。
[INFO][2018-02-26 16:54:54][DBFactory.py][line:29] 关闭数据库连接。
[INFO][2018-02-26 16:54:54][DBFactory.py][line:29] 关闭数据库连接。
[INFO][2018-02-26 16:54:54][_internal.py][line:87] 127.0.0.1 - - [26/Feb/2018 16:54:54] "GET /api/display?date=2018-02-26&dept_name=%E6%94%AF%E8%A1%8C%E8%90%A5%E4%B8%9A%E5%AE%A4 HTTP/1.1" 201 -
[INFO][2018-02-27 11:06:51][_internal.py][line:87]  * Restarting with stat
[WARNING][2018-02-27 11:06:53][_internal.py][line:87]  * Debugger is active!
[INFO][2018-02-27 11:06:53][_internal.py][line:87]  * Debugger PIN: 297-293-911
[INFO][2018-02-27 11:06:53][_internal.py][line:87]  * Running on https://127.0.0.1:5000/ (Press CTRL+C to quit)
[INFO][2018-02-27 11:06:55][_internal.py][line:87] 127.0.0.1 - - [27/Feb/2018 11:06:55] "GET / HTTP/1.1" 404 -
[INFO][2018-02-27 11:06:56][_internal.py][line:87] 127.0.0.1 - - [27/Feb/2018 11:06:56] "GET /favicon.ico HTTP/1.1" 404 -
[INFO][2018-02-27 11:06:58][views.py][line:22] 
[INFO][2018-02-27 11:06:58][views.py][line:23] ---------收到index页面请求：/api----------
[INFO][2018-02-27 11:06:58][views.py][line:26] ---------index页面请求处理完毕-----------
[INFO][2018-02-27 11:06:58][_internal.py][line:87] 127.0.0.1 - - [27/Feb/2018 11:06:58] "GET /api HTTP/1.1" 200 -
[INFO][2018-02-27 11:06:59][views.py][line:22] 
[INFO][2018-02-27 11:06:59][views.py][line:23] ---------收到index页面请求：/api----------
[INFO][2018-02-27 11:06:59][views.py][line:26] ---------index页面请求处理完毕-----------
[INFO][2018-02-27 11:06:59][_internal.py][line:87] 127.0.0.1 - - [27/Feb/2018 11:06:59] "GET /api HTTP/1.1" 200 -
[INFO][2018-02-27 11:07:05][views.py][line:164] 
[INFO][2018-02-27 11:07:05][views.py][line:165] ---------收到GET请求：/api/check----------
[INFO][2018-02-27 11:07:05][views.py][line:171] args: date=2018-02-27
[INFO][2018-02-27 11:07:13][DBFactory.py][line:18] 创建数据库连接。
[INFO][2018-02-27 11:07:13][DBFactory.py][line:23] 获取数据库连接。
[INFO][2018-02-27 11:07:13][DBFactory.py][line:18] 创建数据库连接。
[INFO][2018-02-27 11:07:13][DBFactory.py][line:23] 获取数据库连接。
[INFO][2018-02-27 11:07:13][DBFactory.py][line:18] 创建数据库连接。
[INFO][2018-02-27 11:07:13][DBFactory.py][line:23] 获取数据库连接。
[INFO][2018-02-27 11:07:15][views.py][line:185] ---------GET请求处理完毕-----------
[INFO][2018-02-27 11:07:15][DBFactory.py][line:29] 关闭数据库连接。
[INFO][2018-02-27 11:07:16][DBFactory.py][line:29] 关闭数据库连接。
[INFO][2018-02-27 11:07:16][DBFactory.py][line:29] 关闭数据库连接。
[INFO][2018-02-27 11:07:16][_internal.py][line:87] 127.0.0.1 - - [27/Feb/2018 11:07:16] "GET /api/check HTTP/1.1" 201 -
[INFO][2018-02-27 11:07:23][views.py][line:164] 
[INFO][2018-02-27 11:07:23][views.py][line:165] ---------收到GET请求：/api/check----------
[INFO][2018-02-27 11:07:23][views.py][line:171] args: date=2018-02-29
[WARNING][2018-02-27 11:07:46][views.py][line:178] 日期选择错误
[INFO][2018-02-27 11:13:29][_internal.py][line:87]  * Restarting with stat
[WARNING][2018-02-27 11:13:31][_internal.py][line:87]  * Debugger is active!
[INFO][2018-02-27 11:13:31][_internal.py][line:87]  * Debugger PIN: 297-293-911
[INFO][2018-02-27 11:13:37][_internal.py][line:87]  * Restarting with stat
[WARNING][2018-02-27 11:13:38][_internal.py][line:87]  * Debugger is active!
[INFO][2018-02-27 11:13:38][_internal.py][line:87]  * Debugger PIN: 297-293-911
[INFO][2018-02-27 11:13:38][_internal.py][line:87]  * Running on https://127.0.0.1:5000/ (Press CTRL+C to quit)
[INFO][2018-02-27 11:13:43][views.py][line:164] 
[INFO][2018-02-27 11:13:43][views.py][line:165] ---------收到GET请求：/api/check----------
[INFO][2018-02-27 11:13:43][views.py][line:171] args: date=2018-02-29
[INFO][2018-02-27 11:13:43][DBFactory.py][line:18] 创建数据库连接。
[INFO][2018-02-27 11:13:43][DBFactory.py][line:23] 获取数据库连接。
[INFO][2018-02-27 11:13:43][DBFactory.py][line:18] 创建数据库连接。
[INFO][2018-02-27 11:13:43][DBFactory.py][line:23] 获取数据库连接。
[INFO][2018-02-27 11:13:43][DBFactory.py][line:18] 创建数据库连接。
[INFO][2018-02-27 11:13:43][DBFactory.py][line:23] 获取数据库连接。
[INFO][2018-02-27 11:13:43][DBFactory.py][line:29] 关闭数据库连接。
[INFO][2018-02-27 11:13:43][DBFactory.py][line:29] 关闭数据库连接。
[INFO][2018-02-27 11:13:43][DBFactory.py][line:29] 关闭数据库连接。
[WARNING][2018-02-27 11:13:43][views.py][line:178] 日期选择错误
[INFO][2018-02-27 11:13:43][views.py][line:185] ---------GET请求处理完毕-----------
[INFO][2018-02-27 11:13:43][_internal.py][line:87] 127.0.0.1 - - [27/Feb/2018 11:13:43] "GET /api/check?date=2018-02-29 HTTP/1.1" 201 -
[INFO][2018-02-27 12:42:32][_internal.py][line:87]  * Restarting with stat
[WARNING][2018-02-27 12:42:32][_internal.py][line:87]  * Debugger is active!
[INFO][2018-02-27 12:42:32][_internal.py][line:87]  * Debugger PIN: 297-293-911
[INFO][2018-02-27 12:42:32][_internal.py][line:87]  * Running on https://127.0.0.1:5000/ (Press CTRL+C to quit)
[INFO][2018-02-27 12:44:47][views.py][line:287] 
[INFO][2018-02-27 12:44:47][views.py][line:288] ---------收到GET请求：/api/find----------
[INFO][2018-02-27 12:44:47][views.py][line:297] args: date=2018-02-27, dept_id=1
[INFO][2018-02-27 12:44:47][DBFactory.py][line:18] 创建数据库连接。
[INFO][2018-02-27 12:44:47][DBFactory.py][line:23] 获取数据库连接。
[INFO][2018-02-27 12:44:47][DBFactory.py][line:18] 创建数据库连接。
[INFO][2018-02-27 12:44:47][DBFactory.py][line:23] 获取数据库连接。
[INFO][2018-02-27 12:44:47][DBFactory.py][line:18] 创建数据库连接。
[INFO][2018-02-27 12:44:47][DBFactory.py][line:23] 获取数据库连接。
[INFO][2018-02-27 12:44:49][views.py][line:309] ---------GET请求处理完毕-----------
[INFO][2018-02-27 12:44:49][DBFactory.py][line:29] 关闭数据库连接。
[INFO][2018-02-27 12:44:49][DBFactory.py][line:29] 关闭数据库连接。
[INFO][2018-02-27 12:44:49][DBFactory.py][line:29] 关闭数据库连接。
[INFO][2018-02-27 12:44:49][_internal.py][line:87] 127.0.0.1 - - [27/Feb/2018 12:44:49] "GET /api/find?dept_id=1&date=2018-02-27 HTTP/1.1" 201 -
[INFO][2018-02-27 12:44:49][views.py][line:287] 
[INFO][2018-02-27 12:44:49][views.py][line:288] ---------收到GET请求：/api/find----------
[INFO][2018-02-27 12:44:49][views.py][line:297] args: date=2018-02-27, dept_id=1
[INFO][2018-02-27 12:44:49][DBFactory.py][line:18] 创建数据库连接。
[INFO][2018-02-27 12:44:49][DBFactory.py][line:23] 获取数据库连接。
[INFO][2018-02-27 12:44:49][DBFactory.py][line:18] 创建数据库连接。
[INFO][2018-02-27 12:44:49][DBFactory.py][line:23] 获取数据库连接。
[INFO][2018-02-27 12:44:49][DBFactory.py][line:18] 创建数据库连接。
[INFO][2018-02-27 12:44:49][DBFactory.py][line:23] 获取数据库连接。
[INFO][2018-02-27 12:44:52][views.py][line:309] ---------GET请求处理完毕-----------
[INFO][2018-02-27 12:44:52][DBFactory.py][line:29] 关闭数据库连接。
[INFO][2018-02-27 12:44:52][DBFactory.py][line:29] 关闭数据库连接。
[INFO][2018-02-27 12:44:52][DBFactory.py][line:29] 关闭数据库连接。
[INFO][2018-02-27 12:44:52][_internal.py][line:87] 127.0.0.1 - - [27/Feb/2018 12:44:52] "GET /api/find?dept_id=1&date=2018-02-27 HTTP/1.1" 201 -
[INFO][2018-02-27 12:46:47][views.py][line:287] 
[INFO][2018-02-27 12:46:47][views.py][line:288] ---------收到GET请求：/api/find----------
[INFO][2018-02-27 12:46:47][views.py][line:297] args: date=2018-02-27, dept_id=1
[INFO][2018-02-27 12:46:47][DBFactory.py][line:18] 创建数据库连接。
[INFO][2018-02-27 12:46:47][DBFactory.py][line:23] 获取数据库连接。
[INFO][2018-02-27 12:46:47][DBFactory.py][line:18] 创建数据库连接。
[INFO][2018-02-27 12:46:47][DBFactory.py][line:23] 获取数据库连接。
[INFO][2018-02-27 12:46:47][DBFactory.py][line:18] 创建数据库连接。
[INFO][2018-02-27 12:46:47][DBFactory.py][line:23] 获取数据库连接。
[INFO][2018-02-27 12:46:49][views.py][line:309] ---------GET请求处理完毕-----------
[INFO][2018-02-27 12:46:49][DBFactory.py][line:29] 关闭数据库连接。
[INFO][2018-02-27 12:46:49][DBFactory.py][line:29] 关闭数据库连接。
[INFO][2018-02-27 12:46:49][DBFactory.py][line:29] 关闭数据库连接。
[INFO][2018-02-27 12:46:49][_internal.py][line:87] 127.0.0.1 - - [27/Feb/2018 12:46:49] "GET /api/find?dept_id=1&date=2018-02-27 HTTP/1.1" 201 -
[INFO][2018-02-27 12:49:45][views.py][line:287] 
[INFO][2018-02-27 12:49:45][views.py][line:288] ---------收到GET请求：/api/find----------
[INFO][2018-02-27 12:49:45][views.py][line:297] args: date=2018-02-27, dept_id=1
[INFO][2018-02-27 12:49:45][DBFactory.py][line:18] 创建数据库连接。
[INFO][2018-02-27 12:49:45][DBFactory.py][line:23] 获取数据库连接。
[INFO][2018-02-27 12:49:45][DBFactory.py][line:18] 创建数据库连接。
[INFO][2018-02-27 12:49:45][DBFactory.py][line:23] 获取数据库连接。
[INFO][2018-02-27 12:49:45][DBFactory.py][line:18] 创建数据库连接。
[INFO][2018-02-27 12:49:45][DBFactory.py][line:23] 获取数据库连接。
[INFO][2018-02-27 12:49:47][views.py][line:309] ---------GET请求处理完毕-----------
[INFO][2018-02-27 12:49:47][DBFactory.py][line:29] 关闭数据库连接。
[INFO][2018-02-27 12:49:47][DBFactory.py][line:29] 关闭数据库连接。
[INFO][2018-02-27 12:49:47][DBFactory.py][line:29] 关闭数据库连接。
[INFO][2018-02-27 12:49:47][_internal.py][line:87] 127.0.0.1 - - [27/Feb/2018 12:49:47] "GET /api/find?dept_id=1&date=2018-02-27 HTTP/1.1" 201 -
[INFO][2018-02-27 12:51:26][views.py][line:287] 
[INFO][2018-02-27 12:51:26][views.py][line:288] ---------收到GET请求：/api/find----------
[INFO][2018-02-27 12:51:26][views.py][line:297] args: date=2018-02-27, dept_id=1
[INFO][2018-02-27 12:51:26][DBFactory.py][line:18] 创建数据库连接。
[INFO][2018-02-27 12:51:26][DBFactory.py][line:23] 获取数据库连接。
[INFO][2018-02-27 12:51:26][DBFactory.py][line:18] 创建数据库连接。
[INFO][2018-02-27 12:51:26][DBFactory.py][line:23] 获取数据库连接。
[INFO][2018-02-27 12:51:26][DBFactory.py][line:18] 创建数据库连接。
[INFO][2018-02-27 12:51:26][DBFactory.py][line:23] 获取数据库连接。
[INFO][2018-02-27 12:51:28][views.py][line:309] ---------GET请求处理完毕-----------
[INFO][2018-02-27 12:51:28][DBFactory.py][line:29] 关闭数据库连接。
[INFO][2018-02-27 12:51:28][DBFactory.py][line:29] 关闭数据库连接。
[INFO][2018-02-27 12:51:28][DBFactory.py][line:29] 关闭数据库连接。
[INFO][2018-02-27 12:51:28][_internal.py][line:87] 127.0.0.1 - - [27/Feb/2018 12:51:28] "GET /api/find?dept_id=1&date=2018-02-27 HTTP/1.1" 201 -
[INFO][2018-02-27 12:51:49][views.py][line:287] 
[INFO][2018-02-27 12:51:49][views.py][line:288] ---------收到GET请求：/api/find----------
[INFO][2018-02-27 12:51:49][views.py][line:297] args: date=2018-02-27, dept_id=1
[INFO][2018-02-27 12:51:49][DBFactory.py][line:18] 创建数据库连接。
[INFO][2018-02-27 12:51:49][DBFactory.py][line:23] 获取数据库连接。
[INFO][2018-02-27 12:51:49][DBFactory.py][line:18] 创建数据库连接。
[INFO][2018-02-27 12:51:49][DBFactory.py][line:23] 获取数据库连接。
[INFO][2018-02-27 12:51:49][DBFactory.py][line:18] 创建数据库连接。
[INFO][2018-02-27 12:51:49][DBFactory.py][line:23] 获取数据库连接。
[INFO][2018-02-27 12:51:51][views.py][line:309] ---------GET请求处理完毕-----------
[INFO][2018-02-27 12:51:51][DBFactory.py][line:29] 关闭数据库连接。
[INFO][2018-02-27 12:51:51][DBFactory.py][line:29] 关闭数据库连接。
[INFO][2018-02-27 12:51:51][DBFactory.py][line:29] 关闭数据库连接。
[INFO][2018-02-27 12:51:51][_internal.py][line:87] 127.0.0.1 - - [27/Feb/2018 12:51:51] "GET /api/find?dept_id=1&date=2018-02-27 HTTP/1.1" 201 -
[INFO][2018-02-27 12:52:05][views.py][line:287] 
[INFO][2018-02-27 12:52:05][views.py][line:288] ---------收到GET请求：/api/find----------
[INFO][2018-02-27 12:52:05][views.py][line:297] args: date=2018-02-27, dept_id=1
[INFO][2018-02-27 12:52:05][DBFactory.py][line:18] 创建数据库连接。
[INFO][2018-02-27 12:52:05][DBFactory.py][line:23] 获取数据库连接。
[INFO][2018-02-27 12:52:05][DBFactory.py][line:18] 创建数据库连接。
[INFO][2018-02-27 12:52:05][DBFactory.py][line:23] 获取数据库连接。
[INFO][2018-02-27 12:52:05][DBFactory.py][line:18] 创建数据库连接。
[INFO][2018-02-27 12:52:05][DBFactory.py][line:23] 获取数据库连接。
[INFO][2018-02-27 12:52:07][views.py][line:309] ---------GET请求处理完毕-----------
[INFO][2018-02-27 12:52:07][DBFactory.py][line:29] 关闭数据库连接。
[INFO][2018-02-27 12:52:07][DBFactory.py][line:29] 关闭数据库连接。
[INFO][2018-02-27 12:52:07][DBFactory.py][line:29] 关闭数据库连接。
[INFO][2018-02-27 12:52:07][_internal.py][line:87] 127.0.0.1 - - [27/Feb/2018 12:52:07] "GET /api/find?dept_id=1&date=2018-02-27 HTTP/1.1" 201 -
[INFO][2018-02-27 12:53:02][views.py][line:287] 
[INFO][2018-02-27 12:53:02][views.py][line:288] ---------收到GET请求：/api/find----------
[INFO][2018-02-27 12:53:02][views.py][line:297] args: date=2018-02-27, dept_id=1
[INFO][2018-02-27 12:53:02][DBFactory.py][line:18] 创建数据库连接。
[INFO][2018-02-27 12:53:02][DBFactory.py][line:23] 获取数据库连接。
[INFO][2018-02-27 12:53:02][DBFactory.py][line:18] 创建数据库连接。
[INFO][2018-02-27 12:53:02][DBFactory.py][line:23] 获取数据库连接。
[INFO][2018-02-27 12:53:02][DBFactory.py][line:18] 创建数据库连接。
[INFO][2018-02-27 12:53:02][DBFactory.py][line:23] 获取数据库连接。
[INFO][2018-02-27 12:53:03][views.py][line:309] ---------GET请求处理完毕-----------
[INFO][2018-02-27 12:53:03][DBFactory.py][line:29] 关闭数据库连接。
[INFO][2018-02-27 12:53:03][DBFactory.py][line:29] 关闭数据库连接。
[INFO][2018-02-27 12:53:03][DBFactory.py][line:29] 关闭数据库连接。
[INFO][2018-02-27 12:53:03][_internal.py][line:87] 127.0.0.1 - - [27/Feb/2018 12:53:03] "GET /api/find?dept_id=1&date=2018-02-27 HTTP/1.1" 201 -
[INFO][2018-02-27 12:54:45][_internal.py][line:87]  * Detected change in 'D:\\WorkStation\\Python-RestFulApi\\app\\api\\ORM\\DBPerformance.py', reloading
[INFO][2018-02-27 12:54:45][_internal.py][line:87]  * Restarting with stat
[WARNING][2018-02-27 12:54:46][_internal.py][line:87]  * Debugger is active!
[INFO][2018-02-27 12:54:46][_internal.py][line:87]  * Debugger PIN: 297-293-911
[INFO][2018-02-27 12:54:46][_internal.py][line:87]  * Running on https://127.0.0.1:5000/ (Press CTRL+C to quit)
[INFO][2018-02-27 12:55:13][_internal.py][line:87]  * Detected change in 'D:\\WorkStation\\Python-RestFulApi\\app\\api\\Entity\\Performance.py', reloading
[INFO][2018-02-27 12:55:13][_internal.py][line:87]  * Restarting with stat
[WARNING][2018-02-27 12:55:14][_internal.py][line:87]  * Debugger is active!
[INFO][2018-02-27 12:55:14][_internal.py][line:87]  * Debugger PIN: 297-293-911
[INFO][2018-02-27 12:55:15][_internal.py][line:87]  * Running on https://127.0.0.1:5000/ (Press CTRL+C to quit)
[INFO][2018-02-27 12:55:28][_internal.py][line:87]  * Detected change in 'D:\\WorkStation\\Python-RestFulApi\\app\\api\\Entity\\Performance.py', reloading
[INFO][2018-02-27 12:55:28][_internal.py][line:87]  * Restarting with stat
[WARNING][2018-02-27 12:55:29][_internal.py][line:87]  * Debugger is active!
[INFO][2018-02-27 12:55:29][_internal.py][line:87]  * Debugger PIN: 297-293-911
[INFO][2018-02-27 12:55:29][_internal.py][line:87]  * Running on https://127.0.0.1:5000/ (Press CTRL+C to quit)
[INFO][2018-02-27 12:57:04][views.py][line:287] 
[INFO][2018-02-27 12:57:04][views.py][line:288] ---------收到GET请求：/api/find----------
[INFO][2018-02-27 12:57:04][views.py][line:297] args: date=2018-02-27, dept_id=1
[INFO][2018-02-27 12:57:04][DBFactory.py][line:18] 创建数据库连接。
[INFO][2018-02-27 12:57:04][DBFactory.py][line:23] 获取数据库连接。
[INFO][2018-02-27 12:57:04][DBFactory.py][line:18] 创建数据库连接。
[INFO][2018-02-27 12:57:04][DBFactory.py][line:23] 获取数据库连接。
[INFO][2018-02-27 12:57:04][DBFactory.py][line:18] 创建数据库连接。
[INFO][2018-02-27 12:57:04][DBFactory.py][line:23] 获取数据库连接。
[ERROR][2018-02-27 12:57:06][views.py][line:305] 发生错误!
[ERROR][2018-02-27 12:57:06][views.py][line:306] (mysql.connector.errors.ProgrammingError) 1054 (42S22): Unknown column 'daily.submit_date' in 'field list' [SQL: 'SELECT daily.id AS daily_id, daily.dept_id AS daily_dept_id, daily.date AS daily_date, daily.submit_date AS daily_submit_date, daily.submit_user AS daily_submit_user, daily.extra_fields AS daily_extra_fields \nFROM daily \nWHERE daily.date = %(date_1)s AND daily.dept_id = %(dept_id_1)s'] [parameters: {'date_1': datetime.datetime(2018, 2, 27, 0, 0), 'dept_id_1': 1}]
[INFO][2018-02-27 12:57:06][views.py][line:309] ---------GET请求处理完毕-----------
[INFO][2018-02-27 12:57:06][DBFactory.py][line:29] 关闭数据库连接。
[INFO][2018-02-27 12:57:06][DBFactory.py][line:29] 关闭数据库连接。
[INFO][2018-02-27 12:57:06][DBFactory.py][line:29] 关闭数据库连接。
[INFO][2018-02-27 12:57:06][_internal.py][line:87] 127.0.0.1 - - [27/Feb/2018 12:57:06] "GET /api/find?dept_id=1&date=2018-02-27 HTTP/1.1" 500 -
[INFO][2018-02-27 12:58:27][_internal.py][line:87]  * Detected change in 'D:\\WorkStation\\Python-RestFulApi\\app\\api\\ORM\\DBPerformance.py', reloading
[INFO][2018-02-27 12:58:27][_internal.py][line:87]  * Restarting with stat
[WARNING][2018-02-27 12:58:28][_internal.py][line:87]  * Debugger is active!
[INFO][2018-02-27 12:58:28][_internal.py][line:87]  * Debugger PIN: 297-293-911
[INFO][2018-02-27 12:58:28][_internal.py][line:87]  * Running on https://127.0.0.1:5000/ (Press CTRL+C to quit)
[INFO][2018-02-27 12:59:08][_internal.py][line:87]  * Detected change in 'D:\\WorkStation\\Python-RestFulApi\\app\\api\\Entity\\Performance.py', reloading
[INFO][2018-02-27 12:59:08][_internal.py][line:87]  * Restarting with stat
[WARNING][2018-02-27 12:59:08][_internal.py][line:87]  * Debugger is active!
[INFO][2018-02-27 12:59:08][_internal.py][line:87]  * Debugger PIN: 297-293-911
[INFO][2018-02-27 12:59:09][_internal.py][line:87]  * Running on https://127.0.0.1:5000/ (Press CTRL+C to quit)
[INFO][2018-02-27 12:59:17][_internal.py][line:87]  * Restarting with stat
[WARNING][2018-02-27 12:59:18][_internal.py][line:87]  * Debugger is active!
[INFO][2018-02-27 12:59:18][_internal.py][line:87]  * Debugger PIN: 297-293-911
[INFO][2018-02-27 12:59:18][_internal.py][line:87]  * Running on https://127.0.0.1:5000/ (Press CTRL+C to quit)
[INFO][2018-02-27 12:59:26][views.py][line:287] 
[INFO][2018-02-27 12:59:26][views.py][line:288] ---------收到GET请求：/api/find----------
[INFO][2018-02-27 12:59:26][views.py][line:297] args: date=2018-02-27, dept_id=1
[INFO][2018-02-27 12:59:26][DBFactory.py][line:18] 创建数据库连接。
[INFO][2018-02-27 12:59:26][DBFactory.py][line:23] 获取数据库连接。
[INFO][2018-02-27 12:59:26][DBFactory.py][line:18] 创建数据库连接。
[INFO][2018-02-27 12:59:26][DBFactory.py][line:23] 获取数据库连接。
[INFO][2018-02-27 12:59:26][DBFactory.py][line:18] 创建数据库连接。
[INFO][2018-02-27 12:59:26][DBFactory.py][line:23] 获取数据库连接。
[ERROR][2018-02-27 12:59:27][views.py][line:305] 发生错误!
[ERROR][2018-02-27 12:59:27][views.py][line:306] 'DBPerformance' object has no attribute 'submit_date'
[INFO][2018-02-27 12:59:27][views.py][line:309] ---------GET请求处理完毕-----------
[INFO][2018-02-27 12:59:27][DBFactory.py][line:29] 关闭数据库连接。
[INFO][2018-02-27 12:59:27][DBFactory.py][line:29] 关闭数据库连接。
[INFO][2018-02-27 12:59:27][DBFactory.py][line:29] 关闭数据库连接。
[INFO][2018-02-27 12:59:27][_internal.py][line:87] 127.0.0.1 - - [27/Feb/2018 12:59:27] "GET /api/find?dept_id=1&date=2018-02-27 HTTP/1.1" 500 -
[INFO][2018-02-27 13:00:36][_internal.py][line:87]  * Detected change in 'D:\\WorkStation\\Python-RestFulApi\\app\\api\\Service\\PerformanceService.py', reloading
[INFO][2018-02-27 13:00:36][_internal.py][line:87]  * Restarting with stat
[INFO][2018-02-27 13:00:37][_internal.py][line:87]  * Restarting with stat
[WARNING][2018-02-27 13:00:38][_internal.py][line:87]  * Debugger is active!
[INFO][2018-02-27 13:00:38][_internal.py][line:87]  * Debugger PIN: 297-293-911
[INFO][2018-02-27 13:00:38][_internal.py][line:87]  * Running on https://127.0.0.1:5000/ (Press CTRL+C to quit)
[INFO][2018-02-27 13:00:46][views.py][line:287] 
[INFO][2018-02-27 13:00:46][views.py][line:288] ---------收到GET请求：/api/find----------
[INFO][2018-02-27 13:00:46][views.py][line:297] args: date=2018-02-27, dept_id=1
[INFO][2018-02-27 13:00:46][DBFactory.py][line:18] 创建数据库连接。
[INFO][2018-02-27 13:00:46][DBFactory.py][line:23] 获取数据库连接。
[INFO][2018-02-27 13:00:46][DBFactory.py][line:18] 创建数据库连接。
[INFO][2018-02-27 13:00:46][DBFactory.py][line:23] 获取数据库连接。
[INFO][2018-02-27 13:00:46][DBFactory.py][line:18] 创建数据库连接。
[INFO][2018-02-27 13:00:46][DBFactory.py][line:23] 获取数据库连接。
[INFO][2018-02-27 13:00:47][views.py][line:309] ---------GET请求处理完毕-----------
[INFO][2018-02-27 13:00:47][DBFactory.py][line:29] 关闭数据库连接。
[INFO][2018-02-27 13:00:47][DBFactory.py][line:29] 关闭数据库连接。
[INFO][2018-02-27 13:00:47][DBFactory.py][line:29] 关闭数据库连接。
[INFO][2018-02-27 13:00:47][_internal.py][line:87] 127.0.0.1 - - [27/Feb/2018 13:00:47] "GET /api/find?dept_id=1&date=2018-02-27 HTTP/1.1" 201 -
